<?xml version="1.0" encoding="UTF-8"?>
<!-- Generated by org.testng.reporters.JUnitReportReporter -->
<testsuite hostname="Salenium-01" failures="0" tests="4" name="pk_Selenium.WebOrderLogin_Usin_Excel" time="9.584" errors="0" timestamp="2022-09-20T13:58:15 GMT-04:00" skipped="0">
  <testcase classname="pk_Selenium.WebOrderLogin_Usin_Excel" name="ValidLogin" time="2.876"/>
  <system-out/>
  <testcase classname="pk_Selenium.WebOrderLogin_Usin_Excel" name="ValidLogin" time="2.215"/>
  <system-out/>
  <testcase classname="pk_Selenium.WebOrderLogin_Usin_Excel" name="ValidLogin" time="2.187"/>
  <system-out/>
  <testcase classname="pk_Selenium.WebOrderLogin_Usin_Excel" name="ValidLogin" time="2.306"/>
  <system-out/>
</testsuite> <!-- pk_Selenium.WebOrderLogin_Usin_Excel -->
