<?xml version="1.0" encoding="UTF-8"?>
<!-- Generated by org.testng.reporters.JUnitReportReporter -->
<testsuite hostname="Salenium-01" failures="0" tests="2" name="pk_Selenium.Capture_Screenshot_Example" time="6.479" errors="0" timestamp="2022-09-21T11:50:10 GMT-04:00" skipped="0">
  <testcase classname="pk_Selenium.Capture_Screenshot_Example" name="Weborder_Login" time="6.237"/>
  <system-out/>
  <testcase classname="pk_Selenium.Capture_Screenshot_Example" name="Weborder_Logout" time="0.242"/>
  <system-out/>
</testsuite> <!-- pk_Selenium.Capture_Screenshot_Example -->
