<?xml version="1.0" encoding="UTF-8"?>
<!-- Generated by org.testng.reporters.JUnitReportReporter -->
<testsuite hostname="Salenium-01" failures="0" tests="1" name="pk_Selenium.Implicit_Explicit_Example" time="2.924" errors="0" timestamp="2022-09-23T10:38:49 GMT-04:00" skipped="0">
  <testcase classname="pk_Selenium.Implicit_Explicit_Example" name="Explicit_Wait" time="2.924"/>
  <system-out/>
</testsuite> <!-- pk_Selenium.Implicit_Explicit_Example -->
