<?xml version="1.0" encoding="UTF-8"?>
<!-- Generated by org.testng.reporters.JUnitReportReporter -->
<testsuite hostname="Salenium-01" failures="0" tests="1" name="pk_Selenium.NetBanking_Alert" time="6.340" errors="0" timestamp="2022-09-19T12:43:15 GMT-04:00" skipped="0">
  <testcase classname="pk_Selenium.NetBanking_Alert" name="Blank_CustomerID" time="6.340"/>
  <system-out/>
</testsuite> <!-- pk_Selenium.NetBanking_Alert -->
