<?xml version="1.0" encoding="UTF-8"?>
<!-- Generated by org.testng.reporters.JUnitReportReporter -->
<testsuite hostname="Salenium-01" failures="0" tests="1" name="pk_Selenium.KeyBoard_Operation" time="11.411" errors="0" timestamp="2022-09-16T11:33:48 GMT-04:00" skipped="0">
  <testcase classname="pk_Selenium.KeyBoard_Operation" name="PressEnterKey" time="11.411"/>
  <system-out/>
</testsuite> <!-- pk_Selenium.KeyBoard_Operation -->
