<?xml version="1.0" encoding="UTF-8"?>
<!-- Generated by org.testng.reporters.JUnitReportReporter -->
<testsuite hostname="Salenium-01" failures="0" tests="1" name="pk_Selenium.Blaze_Demo" time="49.500" errors="0" timestamp="2022-09-16T10:02:10 GMT-04:00" skipped="0">
  <testcase classname="pk_Selenium.Blaze_Demo" name="selectFlight" time="49.500"/>
  <system-out/>
</testsuite> <!-- pk_Selenium.Blaze_Demo -->
