<?xml version="1.0" encoding="UTF-8"?>
<!-- Generated by org.testng.reporters.JUnitReportReporter -->
<testsuite hostname="Salenium-01" failures="0" tests="12" name="pk_Selenium.Create_Orders_Positive_Negative_Scenario" time="28.754" errors="0" timestamp="2022-09-20T09:27:34 GMT-04:00" skipped="0">
  <testcase classname="pk_Selenium.Create_Orders_Positive_Negative_Scenario" name="login" time="6.469"/>
  <system-out/>
  <testcase classname="pk_Selenium.Create_Orders_Positive_Negative_Scenario" name="login" time="6.305"/>
  <system-out/>
  <testcase classname="pk_Selenium.Create_Orders_Positive_Negative_Scenario" name="createAddress" time="2.488"/>
  <system-out/>
  <testcase classname="pk_Selenium.Create_Orders_Positive_Negative_Scenario" name="createAddress" time="1.744"/>
  <system-out/>
  <testcase classname="pk_Selenium.Create_Orders_Positive_Negative_Scenario" name="createAddress" time="1.349"/>
  <system-out/>
  <testcase classname="pk_Selenium.Create_Orders_Positive_Negative_Scenario" name="createAddress" time="1.287"/>
  <system-out/>
  <testcase classname="pk_Selenium.Create_Orders_Positive_Negative_Scenario" name="createAddress" time="1.661"/>
  <system-out/>
  <testcase classname="pk_Selenium.Create_Orders_Positive_Negative_Scenario" name="createAddress" time="1.631"/>
  <system-out/>
  <testcase classname="pk_Selenium.Create_Orders_Positive_Negative_Scenario" name="createAddress" time="1.624"/>
  <system-out/>
  <testcase classname="pk_Selenium.Create_Orders_Positive_Negative_Scenario" name="createAddress" time="1.261"/>
  <system-out/>
  <testcase classname="pk_Selenium.Create_Orders_Positive_Negative_Scenario" name="createAddress" time="1.653"/>
  <system-out/>
  <testcase classname="pk_Selenium.Create_Orders_Positive_Negative_Scenario" name="createAddress" time="1.282"/>
  <system-out/>
</testsuite> <!-- pk_Selenium.Create_Orders_Positive_Negative_Scenario -->
