<?xml version="1.0" encoding="UTF-8"?>
<!-- Generated by org.testng.reporters.JUnitReportReporter -->
<testsuite hostname="Salenium-01" failures="0" tests="2" name="pk_Selenium.Extent_Report_With_Screenshot" time="6.694" errors="0" timestamp="2022-09-22T10:15:29 GMT-04:00" skipped="0">
  <testcase classname="pk_Selenium.Extent_Report_With_Screenshot" name="OrangeHRM_Login" time="5.721"/>
  <system-out/>
  <testcase classname="pk_Selenium.Extent_Report_With_Screenshot" name="OrangeHRM_Logout" time="0.973"/>
  <system-out/>
</testsuite> <!-- pk_Selenium.Extent_Report_With_Screenshot -->
