<?xml version="1.0" encoding="UTF-8"?>
<!-- Generated by org.testng.reporters.JUnitReportReporter -->
<testsuite hostname="Salenium-01" failures="0" tests="1" name="pk_Selenium.WebOrder_TestNG" time="1.640" errors="0" timestamp="2022-09-14T22:28:58 IST" skipped="0">
  <testcase classname="pk_Selenium.WebOrder_TestNG" name="Login_Scenario" time="1.640"/>
  <system-out/>
</testsuite> <!-- pk_Selenium.WebOrder_TestNG -->
