<?xml version="1.0" encoding="UTF-8"?>
<!-- Generated by org.testng.reporters.JUnitReportReporter -->
<testsuite hostname="Salenium-01" failures="0" tests="1" name="pk_Selenium.Select_current_date" time="9.174" errors="0" timestamp="2022-09-21T14:58:54 GMT-04:00" skipped="0">
  <testcase classname="pk_Selenium.Select_current_date" name="Date_Select" time="9.174"/>
  <system-out/>
</testsuite> <!-- pk_Selenium.Select_current_date -->
