<?xml version="1.0" encoding="UTF-8"?>
<!-- Generated by org.testng.reporters.JUnitReportReporter -->
<testsuite hostname="Salenium-01" failures="0" tests="1" name="pk_Selenium.OrangeHRM_Login_Admin_Usin_BlazeMeter" time="9.992" errors="0" timestamp="2022-09-23T14:40:31 GMT-04:00" skipped="0">
  <testcase classname="pk_Selenium.OrangeHRM_Login_Admin_Usin_BlazeMeter" name="testOrangeHrmLogin" time="9.992"/>
  <system-out/>
</testsuite> <!-- pk_Selenium.OrangeHRM_Login_Admin_Usin_BlazeMeter -->
