<?xml version="1.0" encoding="UTF-8"?>
<!-- Generated by org.testng.reporters.JUnitReportReporter -->
<testsuite hostname="Salenium-01" failures="0" tests="1" name="pk_Selenium.GoogleAllLink_Navigation_And_Verification" time="81.776" errors="0" timestamp="2022-09-22T11:35:29 GMT-04:00" skipped="0">
  <testcase classname="pk_Selenium.GoogleAllLink_Navigation_And_Verification" name="NavigateToAllLinks" time="81.776"/>
  <system-out/>
</testsuite> <!-- pk_Selenium.GoogleAllLink_Navigation_And_Verification -->
