<?xml version="1.0" encoding="UTF-8"?>
<!-- Generated by org.testng.reporters.JUnitReportReporter -->
<testsuite hostname="Salenium-01" failures="0" tests="1" name="pk_Selenium.Hoverover_Sport_Wear" time="15.794" errors="0" timestamp="2022-09-16T09:55:12 GMT-04:00" skipped="0">
  <testcase classname="pk_Selenium.Hoverover_Sport_Wear" name="sport_waar_hover" time="15.794"/>
  <system-out/>
</testsuite> <!-- pk_Selenium.Hoverover_Sport_Wear -->
