<?xml version="1.0" encoding="UTF-8"?>
<!-- Generated by org.testng.reporters.JUnitReportReporter -->
<testsuite hostname="Salenium-01" failures="0" tests="5" name="pk_Selenium.WebOrderLogin_All_Tcs_Scenario" time="6.148" errors="0" timestamp="2022-09-19T11:45:25 GMT-04:00" skipped="0">
  <testcase classname="pk_Selenium.WebOrderLogin_All_Tcs_Scenario" name="ValidLogin" time="0.802"/>
  <system-out/>
  <testcase classname="pk_Selenium.WebOrderLogin_All_Tcs_Scenario" name="ValidLogin" time="0.735"/>
  <system-out/>
  <testcase classname="pk_Selenium.WebOrderLogin_All_Tcs_Scenario" name="ValidLogin" time="3.049"/>
  <system-out/>
  <testcase classname="pk_Selenium.WebOrderLogin_All_Tcs_Scenario" name="ValidLogin" time="0.763"/>
  <system-out/>
  <testcase classname="pk_Selenium.WebOrderLogin_All_Tcs_Scenario" name="ValidLogin" time="0.799"/>
  <system-out/>
</testsuite> <!-- pk_Selenium.WebOrderLogin_All_Tcs_Scenario -->
