<?xml version="1.0" encoding="UTF-8"?>
<!-- Generated by org.testng.reporters.JUnitReportReporter -->
<testsuite hostname="Salenium-01" failures="0" tests="1" name="pk_Selenium.Yatra_Mouse_Hover" time="27.817" errors="0" timestamp="2022-09-15T14:42:21 GMT-04:00" skipped="0">
  <testcase classname="pk_Selenium.Yatra_Mouse_Hover" name="MouseHoverYatra" time="27.817"/>
  <system-out/>
</testsuite> <!-- pk_Selenium.Yatra_Mouse_Hover -->
