<?xml version="1.0" encoding="UTF-8"?>
<!-- Generated by org.testng.reporters.JUnitReportReporter -->
<testsuite hostname="Salenium-01" failures="0" tests="1" name="pk_Selenium.Weborder_Navigate_AllLinks_exept_Javascript" time="20.239" errors="0" timestamp="2022-09-23T09:40:18 GMT-04:00" skipped="0">
  <testcase classname="pk_Selenium.Weborder_Navigate_AllLinks_exept_Javascript" name="NavigateToAllLinks1" time="20.239"/>
  <system-out/>
</testsuite> <!-- pk_Selenium.Weborder_Navigate_AllLinks_exept_Javascript -->
