<?xml version="1.0" encoding="UTF-8"?>
<!-- Generated by org.testng.reporters.JUnitReportReporter -->
<testsuite hostname="Salenium-01" failures="0" tests="2" name="pk_Selenium.Weborder_CrossBrowser_Testin" time="13.444" errors="0" timestamp="2022-09-19T18:00:17 GMT-04:00" skipped="0">
  <testcase classname="pk_Selenium.Weborder_CrossBrowser_Testin" name="Login" time="6.843"/>
  <system-out/>
  <testcase classname="pk_Selenium.Weborder_CrossBrowser_Testin" name="Login" time="6.601"/>
  <system-out/>
</testsuite> <!-- pk_Selenium.Weborder_CrossBrowser_Testin -->
