<?xml version="1.0" encoding="UTF-8"?>
<!-- Generated by org.testng.reporters.JUnitReportReporter -->
<testsuite hostname="Salenium-01" failures="0" tests="2" name="pk_Selenium.Spreecom_Login" time="22.241" errors="0" timestamp="2022-09-22T16:58:29 GMT-04:00" skipped="0">
  <testcase classname="pk_Selenium.Spreecom_Login" name="login" time="14.508"/>
  <system-out/>
  <testcase classname="pk_Selenium.Spreecom_Login" name="logOut" time="7.733"/>
  <system-out/>
</testsuite> <!-- pk_Selenium.Spreecom_Login -->
