<?xml version="1.0" encoding="UTF-8"?>
<!-- Generated by org.testng.reporters.JUnitReportReporter -->
<testsuite hostname="Salenium-01" failures="0" tests="1" name="pk_Selenium.Capture_All_Links" time="119.263" errors="0" timestamp="2022-09-22T10:38:44 GMT-04:00" skipped="0">
  <testcase classname="pk_Selenium.Capture_All_Links" name="navigateToAllLinks" time="119.263"/>
  <system-out/>
</testsuite> <!-- pk_Selenium.Capture_All_Links -->
