<?xml version="1.0" encoding="UTF-8"?>
<!-- Generated by org.testng.reporters.JUnitReportReporter -->
<testsuite hostname="Salenium-01" failures="0" tests="2" name="pk_Selenium.WebOrder_Pre_Post_TestNG" time="2.785" errors="0" timestamp="2022-09-14T14:25:12 GMT-04:00" skipped="0">
  <testcase classname="pk_Selenium.WebOrder_Pre_Post_TestNG" name="login" time="1.629"/>
  <system-out/>
  <testcase classname="pk_Selenium.WebOrder_Pre_Post_TestNG" name="logOut" time="1.156"/>
  <system-out/>
</testsuite> <!-- pk_Selenium.WebOrder_Pre_Post_TestNG -->
