<?xml version="1.0" encoding="UTF-8"?>
<!-- Generated by org.testng.reporters.JUnitReportReporter -->
<testsuite hostname="Salenium-01" failures="0" tests="2" name="pk_Selenium.HeadlessBrowser" time="21.265" errors="0" timestamp="2022-09-15T13:48:17 GMT-04:00" skipped="0">
  <testcase classname="pk_Selenium.HeadlessBrowser" name="login" time="13.960"/>
  <system-out/>
  <testcase classname="pk_Selenium.HeadlessBrowser" name="logOut" time="7.305"/>
  <system-out/>
</testsuite> <!-- pk_Selenium.HeadlessBrowser -->
