<?xml version="1.0" encoding="UTF-8"?>
<!-- Generated by org.testng.reporters.JUnitReportReporter -->
<testsuite hostname="Salenium-01" failures="0" tests="4" name="pk_Selenium.Mobile_testing_with_Selenium" time="42.733" errors="0" timestamp="2022-09-16T12:38:12 GMT-04:00" skipped="0">
  <testcase classname="pk_Selenium.Mobile_testing_with_Selenium" name="LaunchBrowser" time="22.014"/>
  <system-out/>
  <testcase classname="pk_Selenium.Mobile_testing_with_Selenium" name="LaunchBrowser" time="7.431"/>
  <system-out/>
  <testcase classname="pk_Selenium.Mobile_testing_with_Selenium" name="LaunchBrowser" time="7.088"/>
  <system-out/>
  <testcase classname="pk_Selenium.Mobile_testing_with_Selenium" name="LaunchBrowser" time="6.200"/>
  <system-out/>
</testsuite> <!-- pk_Selenium.Mobile_testing_with_Selenium -->
