<?xml version="1.0" encoding="UTF-8"?>
<!-- Generated by org.testng.reporters.JUnitReportReporter -->
<testsuite hostname="Salenium-01" failures="0" tests="2" name="pk_Selenium.WebOrder_Dropdown" time="10.909" errors="0" timestamp="2022-09-15T14:19:51 GMT-04:00" skipped="0">
  <testcase classname="pk_Selenium.WebOrder_Dropdown" name="ValidLogin" time="1.894"/>
  <system-out/>
  <testcase classname="pk_Selenium.WebOrder_Dropdown" name="WebOrder" time="9.015"/>
  <system-out/>
</testsuite> <!-- pk_Selenium.WebOrder_Dropdown -->
