<?xml version="1.0" encoding="UTF-8"?>
<!-- Generated by org.testng.reporters.JUnitReportReporter -->
<testsuite hostname="Salenium-01" failures="0" tests="1" name="pk_Selenium.Assertion_Using_SourceCode" time="0.736" errors="0" timestamp="2022-09-22T15:03:45 GMT-04:00" skipped="0">
  <testcase classname="pk_Selenium.Assertion_Using_SourceCode" name="Employeelist" time="0.736"/>
  <system-out/>
</testsuite> <!-- pk_Selenium.Assertion_Using_SourceCode -->
