<?xml version="1.0" encoding="UTF-8"?>
<!-- Generated by org.testng.reporters.JUnitReportReporter -->
<testsuite hostname="Salenium-01" failures="0" tests="2" name="pk_Selenium.Extent_Report" time="13.254" errors="0" timestamp="2022-09-21T17:45:49 GMT-04:00" skipped="0">
  <testcase classname="pk_Selenium.Extent_Report" name="LaunchApplication" time="7.268"/>
  <system-out/>
  <testcase classname="pk_Selenium.Extent_Report" name="Sign_On" time="5.986"/>
  <system-out/>
</testsuite> <!-- pk_Selenium.Extent_Report -->
