<?xml version="1.0" encoding="UTF-8"?>
<!-- Generated by org.testng.reporters.JUnitReportReporter -->
<testsuite hostname="Salenium-01" failures="0" tests="2" name="pk_Selenium.Weborder_create_update" time="17.808" errors="0" timestamp="2022-09-28T08:32:52 GMT-04:00" skipped="0">
  <testcase classname="pk_Selenium.Weborder_create_update" name="ValidLogin" time="2.027"/>
  <system-out/>
  <testcase classname="pk_Selenium.Weborder_create_update" name="CreateOrder" time="15.781"/>
  <system-out/>
</testsuite> <!-- pk_Selenium.Weborder_create_update -->
