<?xml version="1.0" encoding="UTF-8"?>
<!-- Generated by org.testng.reporters.JUnitReportReporter -->
<testsuite hostname="Salenium-01" failures="0" tests="1" name="pk_Selenium.Lets_Codeit_Alerts" time="8.215" errors="0" timestamp="2022-09-23T14:18:41 GMT-04:00" skipped="0">
  <testcase classname="pk_Selenium.Lets_Codeit_Alerts" name="Alert" time="8.215"/>
  <system-out/>
</testsuite> <!-- pk_Selenium.Lets_Codeit_Alerts -->
