<?xml version="1.0" encoding="UTF-8"?>
<!-- Generated by org.testng.reporters.JUnitReportReporter -->
<testsuite hostname="Salenium-01" failures="0" tests="1" name="pk_Selenium.Handle_Unsecure_Web" time="1.135" errors="0" timestamp="2022-09-22T14:16:59 GMT-04:00" skipped="0">
  <testcase classname="pk_Selenium.Handle_Unsecure_Web" name="openApplication" time="1.135"/>
  <system-out/>
</testsuite> <!-- pk_Selenium.Handle_Unsecure_Web -->
