<?xml version="1.0" encoding="UTF-8"?>
<!-- Generated by org.testng.reporters.JUnitReportReporter -->
<testsuite hostname="Salenium-01" failures="0" tests="1" name="pk_Selenium.Spree_CaptureAllLinks" time="75.703" errors="0" timestamp="2022-09-22T17:15:14 GMT-04:00" skipped="0">
  <testcase classname="pk_Selenium.Spree_CaptureAllLinks" name="captureLinks" time="75.703"/>
  <system-out/>
</testsuite> <!-- pk_Selenium.Spree_CaptureAllLinks -->
