<?xml version="1.0" encoding="UTF-8"?>
<!-- Generated by org.testng.reporters.JUnitReportReporter -->
<testsuite hostname="Salenium-01" failures="0" tests="1" name="pk_Selenium.Call_Baseclass_DB_Function_Weborder" time="15.356" errors="0" timestamp="2022-09-21T10:28:18 GMT-04:00" skipped="0">
  <testcase classname="pk_Selenium.Call_Baseclass_DB_Function_Weborder" name="ConnectSQLDB_With_LoginApp" time="15.356"/>
  <system-out/>
</testsuite> <!-- pk_Selenium.Call_Baseclass_DB_Function_Weborder -->
