<?xml version="1.0" encoding="UTF-8"?>
<!-- Generated by org.testng.reporters.JUnitReportReporter -->
<testsuite hostname="Salenium-01" failures="0" tests="2" name="pk_Selenium.Weborder_create_verifyOrder" time="11.475" errors="0" timestamp="2022-09-22T17:48:34 GMT-04:00" skipped="0">
  <testcase classname="pk_Selenium.Weborder_create_verifyOrder" name="ValidLogin" time="2.127"/>
  <system-out/>
  <testcase classname="pk_Selenium.Weborder_create_verifyOrder" name="CreateOrder" time="9.348"/>
  <system-out/>
</testsuite> <!-- pk_Selenium.Weborder_create_verifyOrder -->
