<?xml version="1.0" encoding="UTF-8"?>
<!-- Generated by org.testng.reporters.JUnitReportReporter -->
<testsuite hostname="Salenium-01" failures="0" tests="3" name="pk_Selenium.Handle_All_Alerts" time="6.683" errors="0" timestamp="2022-09-16T16:34:06 GMT-04:00" skipped="0">
  <testcase classname="pk_Selenium.Handle_All_Alerts" name="acceptAlert" time="2.309"/>
  <system-out/>
  <testcase classname="pk_Selenium.Handle_All_Alerts" name="dismissAlert" time="2.173"/>
  <system-out/>
  <testcase classname="pk_Selenium.Handle_All_Alerts" name="alertSendText" time="2.201"/>
  <system-out/>
</testsuite> <!-- pk_Selenium.Handle_All_Alerts -->
