<?xml version="1.0" encoding="UTF-8"?>
<!-- Generated by org.testng.reporters.JUnitReportReporter -->
<testsuite hostname="Salenium-01" failures="0" tests="1" name="pk_Selenium.CallingFromDB" time="1.253" errors="0" timestamp="2022-09-21T09:16:07 GMT-04:00" skipped="0">
  <testcase classname="pk_Selenium.CallingFromDB" name="readDB" time="1.253"/>
  <system-out/>
</testsuite> <!-- pk_Selenium.CallingFromDB -->
