<?xml version="1.0" encoding="UTF-8"?>
<!-- Generated by org.testng.reporters.JUnitReportReporter -->
<testsuite hostname="Salenium-01" failures="0" tests="1" name="pk_Selenium.preecom_CreateAddress_VerifyAddress" time="6.134" errors="0" timestamp="2022-09-15T09:21:09 GMT-04:00" skipped="0">
  <testcase classname="pk_Selenium.preecom_CreateAddress_VerifyAddress" name="CreateAddress" time="6.134"/>
  <system-out/>
</testsuite> <!-- pk_Selenium.preecom_CreateAddress_VerifyAddress -->
