<?xml version="1.0" encoding="UTF-8"?>
<!-- Generated by org.testng.reporters.JUnitReportReporter -->
<testsuite hostname="Salenium-01" failures="0" tests="3" name="pk_Selenium.Weborder_Loging_Using_Parameter" time="5.682" errors="0" timestamp="2022-09-19T12:23:50 GMT-04:00" skipped="0">
  <testcase classname="pk_Selenium.Weborder_Loging_Using_Parameter" name="ValidLogin" time="1.933"/>
  <system-out/>
  <testcase classname="pk_Selenium.Weborder_Loging_Using_Parameter" name="ValidLogin" time="1.882"/>
  <system-out/>
  <testcase classname="pk_Selenium.Weborder_Loging_Using_Parameter" name="ValidLogin" time="1.867"/>
  <system-out/>
</testsuite> <!-- pk_Selenium.Weborder_Loging_Using_Parameter -->
