<?xml version="1.0" encoding="UTF-8"?>
<!-- Generated by org.testng.reporters.JUnitReportReporter -->
<testsuite hostname="Salenium-01" failures="0" tests="1" name="pk_Selenium.SmokeTest" time="0.022" errors="0" timestamp="2022-09-19T12:43:15 GMT-04:00" skipped="0">
  <testcase classname="pk_Selenium.SmokeTest" name="smoke" time="0.022"/>
  <system-out/>
</testsuite> <!-- pk_Selenium.SmokeTest -->
