<?xml version="1.0" encoding="UTF-8"?>
<!-- Generated by org.testng.reporters.JUnitReportReporter -->
<testsuite hostname="Salenium-01" failures="0" tests="1" name="pk_Selenium.ConnectDB_Direct_Example" time="1.166" errors="0" timestamp="2022-09-20T14:50:51 GMT-04:00" skipped="0">
  <testcase classname="pk_Selenium.ConnectDB_Direct_Example" name="ConnectSQLDB" time="1.166"/>
  <system-out/>
</testsuite> <!-- pk_Selenium.ConnectDB_Direct_Example -->
