<?xml version="1.0" encoding="UTF-8"?>
<!-- Generated by org.testng.reporters.JUnitReportReporter -->
<testsuite hostname="Salenium-01" failures="0" tests="1" name="pk_Selenium.Scenario_Broken_Image" time="5.013" errors="0" timestamp="2022-09-23T12:10:10 GMT-04:00" skipped="0">
  <testcase classname="pk_Selenium.Scenario_Broken_Image" name="validateInvalidImages" time="5.013"/>
  <system-out/>
</testsuite> <!-- pk_Selenium.Scenario_Broken_Image -->
