<?xml version="1.0" encoding="UTF-8"?>
<!-- Generated by org.testng.reporters.JUnitReportReporter -->
<testsuite hostname="Salenium-01" failures="0" tests="3" name="pk_Selenium.preecom_Create_Update_Delete" time="42.364" errors="0" timestamp="2022-09-16T08:41:04 GMT-04:00" skipped="0">
  <testcase classname="pk_Selenium.preecom_Create_Update_Delete" name="CreateAddress" time="5.993"/>
  <system-out/>
  <testcase classname="pk_Selenium.preecom_Create_Update_Delete" name="updateAddress" time="34.360"/>
  <system-out/>
  <testcase classname="pk_Selenium.preecom_Create_Update_Delete" name="deleteAddress" time="2.011"/>
  <system-out/>
</testsuite> <!-- pk_Selenium.preecom_Create_Update_Delete -->
